2024/12/10 10:37:30 [notice] 16#16: using the "epoll" event method
2024/12/10 10:37:30 [notice] 16#16: nginx/1.21.6
2024/12/10 10:37:30 [notice] 16#16: built by gcc 10.2.1 20210110 (Debian 10.2.1-6) 
2024/12/10 10:37:30 [notice] 16#16: OS: Linux 5.15.167.4-microsoft-standard-WSL2
2024/12/10 10:37:30 [notice] 16#16: getrlimit(RLIMIT_NOFILE): 1048576:1048576
2024/12/10 10:37:30 [notice] 16#16: start worker processes
2024/12/10 10:37:30 [notice] 16#16: start worker process 17
2024/12/10 10:37:30 [notice] 16#16: start worker process 18
2024/12/10 10:37:30 [notice] 16#16: start worker process 19
2024/12/10 10:37:30 [notice] 16#16: start worker process 20
2024/12/10 10:37:30 [notice] 16#16: start worker process 21
2024/12/10 10:37:30 [notice] 16#16: start worker process 22
2024/12/10 10:37:30 [notice] 16#16: start worker process 23
2024/12/10 10:37:30 [notice] 16#16: start worker process 24
2024/12/10 10:37:30 [notice] 16#16: start worker process 25
2024/12/10 10:37:30 [notice] 16#16: start worker process 26
2024/12/10 10:37:30 [notice] 16#16: start worker process 27
2024/12/10 10:37:30 [notice] 16#16: start worker process 28
2024/12/11 06:15:44 [notice] 16#16: using the "epoll" event method
2024/12/11 06:15:44 [notice] 16#16: nginx/1.21.6
2024/12/11 06:15:44 [notice] 16#16: built by gcc 10.2.1 20210110 (Debian 10.2.1-6) 
2024/12/11 06:15:44 [notice] 16#16: OS: Linux 5.15.167.4-microsoft-standard-WSL2
2024/12/11 06:15:44 [notice] 16#16: getrlimit(RLIMIT_NOFILE): 1048576:1048576
2024/12/11 06:15:44 [notice] 16#16: start worker processes
2024/12/11 06:15:44 [notice] 16#16: start worker process 17
2024/12/11 06:15:44 [notice] 16#16: start worker process 18
2024/12/11 06:15:44 [notice] 16#16: start worker process 19
2024/12/11 06:15:44 [notice] 16#16: start worker process 20
2024/12/11 06:15:44 [notice] 16#16: start worker process 21
2024/12/11 06:15:44 [notice] 16#16: start worker process 22
2024/12/11 06:15:44 [notice] 16#16: start worker process 23
2024/12/11 06:15:44 [notice] 16#16: start worker process 24
2024/12/11 06:15:44 [notice] 16#16: start worker process 25
2024/12/11 06:15:44 [notice] 16#16: start worker process 26
2024/12/11 06:15:44 [notice] 16#16: start worker process 27
2024/12/11 06:15:44 [notice] 16#16: start worker process 28
