[10-Dec-2024 10:37:30] NOTICE: fpm is running, pid 15
[10-Dec-2024 10:37:30] NOTICE: ready to handle connections
[10-Dec-2024 10:37:30] NOTICE: systemd monitor interval set to 10000ms
[11-Dec-2024 06:15:45] NOTICE: fpm is running, pid 15
[11-Dec-2024 06:15:45] NOTICE: ready to handle connections
[11-Dec-2024 06:15:45] NOTICE: systemd monitor interval set to 10000ms
[16-Dec-2024 15:13:52] NOTICE: fpm is running, pid 15
[16-Dec-2024 15:13:52] NOTICE: ready to handle connections
[16-Dec-2024 15:13:52] NOTICE: systemd monitor interval set to 10000ms
[16-Dec-2024 16:02:57] WARNING: [pool www] child 29 said into stderr: "The environment file is invalid!"
[16-Dec-2024 16:02:57] WARNING: [pool www] child 29 said into stderr: "Failed to parse dotenv file. Encountered unexpected whitespace at [ncii tito onfh vgyy]."
[16-Dec-2024 16:03:22] WARNING: [pool www] child 30 said into stderr: "The environment file is invalid!"
[16-Dec-2024 16:03:22] WARNING: [pool www] child 30 said into stderr: "Failed to parse dotenv file. Encountered unexpected whitespace at [ncii tito onfh vgyy]."
[16-Dec-2024 16:04:42] WARNING: [pool www] child 31 said into stderr: "The environment file is invalid!"
[16-Dec-2024 16:04:42] WARNING: [pool www] child 31 said into stderr: "Failed to parse dotenv file. Encountered unexpected whitespace at [ncii tito onfh vgyy]."
[16-Dec-2024 16:06:03] WARNING: [pool www] child 29 said into stderr: "The environment file is invalid!"
[16-Dec-2024 16:06:03] WARNING: [pool www] child 29 said into stderr: "Failed to parse dotenv file. Encountered unexpected whitespace at [ncii tito onfh vgyy]."
[02-Jan-2025 12:10:33] NOTICE: fpm is running, pid 16
[02-Jan-2025 12:10:33] NOTICE: ready to handle connections
[02-Jan-2025 12:10:33] NOTICE: systemd monitor interval set to 10000ms
[03-Jan-2025 03:31:15] NOTICE: fpm is running, pid 15
[03-Jan-2025 03:31:15] NOTICE: ready to handle connections
[03-Jan-2025 03:31:15] NOTICE: systemd monitor interval set to 10000ms
[03-Jan-2025 13:08:24] NOTICE: fpm is running, pid 15
[03-Jan-2025 13:08:24] NOTICE: ready to handle connections
[03-Jan-2025 13:08:24] NOTICE: systemd monitor interval set to 10000ms
[04-Jan-2025 01:13:25] NOTICE: fpm is running, pid 15
[04-Jan-2025 01:13:25] NOTICE: ready to handle connections
[04-Jan-2025 01:13:25] NOTICE: systemd monitor interval set to 10000ms
[07-Jan-2025 15:19:40] NOTICE: fpm is running, pid 15
[07-Jan-2025 15:19:40] NOTICE: ready to handle connections
[07-Jan-2025 15:19:40] NOTICE: systemd monitor interval set to 10000ms
[08-Jan-2025 09:42:12] NOTICE: fpm is running, pid 15
[08-Jan-2025 09:42:12] NOTICE: ready to handle connections
[08-Jan-2025 09:42:12] NOTICE: systemd monitor interval set to 10000ms
[08-Jan-2025 09:49:59] NOTICE: fpm is running, pid 15
[08-Jan-2025 09:49:59] NOTICE: ready to handle connections
[08-Jan-2025 09:49:59] NOTICE: systemd monitor interval set to 10000ms
[08-Jan-2025 10:05:41] WARNING: [pool www] server reached pm.max_children setting (4), consider raising it
[09-Jan-2025 10:42:59] NOTICE: fpm is running, pid 15
[09-Jan-2025 10:42:59] NOTICE: ready to handle connections
[09-Jan-2025 10:42:59] NOTICE: systemd monitor interval set to 10000ms
[09-Jan-2025 12:17:44] NOTICE: fpm is running, pid 15
[09-Jan-2025 12:17:44] NOTICE: ready to handle connections
[09-Jan-2025 12:17:44] NOTICE: systemd monitor interval set to 10000ms
[10-Jan-2025 13:00:32] NOTICE: fpm is running, pid 15
[10-Jan-2025 13:00:32] NOTICE: ready to handle connections
[10-Jan-2025 13:00:32] NOTICE: systemd monitor interval set to 10000ms
[11-Jan-2025 08:34:52] NOTICE: fpm is running, pid 15
[11-Jan-2025 08:34:52] NOTICE: ready to handle connections
[11-Jan-2025 08:34:52] NOTICE: systemd monitor interval set to 10000ms
[18-Jan-2025 13:03:37] NOTICE: fpm is running, pid 15
[18-Jan-2025 13:03:37] NOTICE: ready to handle connections
[18-Jan-2025 13:03:37] NOTICE: systemd monitor interval set to 10000ms
